
> myapp@0.1.0 start
> react-scripts start

[34mâ„¹[39m [90mï½¢wdsï½£[39m: Project is running at http://192.168.0.111/
[34mâ„¹[39m [90mï½¢wdsï½£[39m: webpack output is served from 
[34mâ„¹[39m [90mï½¢wdsï½£[39m: Content not from webpack is served from /home/ubuntu/code/react/myapp/public
[34mâ„¹[39m [90mï½¢wdsï½£[39m: 404s will fallback to /
Starting the development server...

Compiled with warnings.

src/Main.js
  Line 6:18:    'Switch' is defined but never used                                                                          no-unused-vars
  Line 6:53:    'Input' is defined but never used                                                                           no-unused-vars
  Line 17:11:   'Option' is assigned a value but never used                                                                 no-unused-vars
  Line 103:11:  'summa' is assigned a value but never used                                                                  no-unused-vars
  Line 112:34:  Array.prototype.map() expects a return value from arrow function                                            array-callback-return
  Line 125:34:  Array.prototype.map() expects a return value from arrow function                                            array-callback-return
  Line 146:28:  Array.prototype.map() expects a return value from arrow function                                            array-callback-return
  Line 210:12:  'modifyNewTodo' is defined but never used                                                                   no-unused-vars
  Line 219:12:  'modifyRegular' is defined but never used                                                                   no-unused-vars
  Line 226:12:  'completeTodo' is defined but never used                                                                    no-unused-vars
  Line 237:12:  'createTodo' is defined but never used                                                                      no-unused-vars
  Line 249:6:   React Hook useEffect has a missing dependency: 'getUser'. Either include it or remove the dependency array  react-hooks/exhaustive-deps

src/NewItemModal.js
  Line 7:3:   'Col' is defined but never used  no-unused-vars
  Line 10:3:  'Row' is defined but never used  no-unused-vars

Search for the keywords to learn more about each warning.
To ignore, add // eslint-disable-next-line to the line before.


> myapp@0.1.0 start
> react-scripts start

[34mâ„¹[39m [90mï½¢wdsï½£[39m: Project is running at http://192.168.0.111/
[34mâ„¹[39m [90mï½¢wdsï½£[39m: webpack output is served from 
[34mâ„¹[39m [90mï½¢wdsï½£[39m: Content not from webpack is served from /home/ubuntu/code/react/myapp/public
[34mâ„¹[39m [90mï½¢wdsï½£[39m: 404s will fallback to /
Starting the development server...

Compiled with warnings.

src/Main.js
  Line 6:18:    'Switch' is defined but never used                                                                          no-unused-vars
  Line 6:53:    'Input' is defined but never used                                                                           no-unused-vars
  Line 17:11:   'Option' is assigned a value but never used                                                                 no-unused-vars
  Line 103:11:  'summa' is assigned a value but never used                                                                  no-unused-vars
  Line 112:34:  Array.prototype.map() expects a return value from arrow function                                            array-callback-return
  Line 125:34:  Array.prototype.map() expects a return value from arrow function                                            array-callback-return
  Line 146:28:  Array.prototype.map() expects a return value from arrow function                                            array-callback-return
  Line 210:12:  'modifyNewTodo' is defined but never used                                                                   no-unused-vars
  Line 219:12:  'modifyRegular' is defined but never used                                                                   no-unused-vars
  Line 226:12:  'completeTodo' is defined but never used                                                                    no-unused-vars
  Line 237:12:  'createTodo' is defined but never used                                                                      no-unused-vars
  Line 249:6:   React Hook useEffect has a missing dependency: 'getUser'. Either include it or remove the dependency array  react-hooks/exhaustive-deps

src/NewItemModal.js
  Line 7:3:   'Col' is defined but never used  no-unused-vars
  Line 10:3:  'Row' is defined but never used  no-unused-vars

Search for the keywords to learn more about each warning.
To ignore, add // eslint-disable-next-line to the line before.

npm ERR! path /home/ubuntu/code/react/myapp
npm ERR! command failed
npm ERR! signal SIGHUP
npm ERR! command sh -c react-scripts start

npm ERR! A complete log of this run can be found in:
npm ERR!     /home/ubuntu/.npm/_logs/2022-01-22T23_26_52_648Z-debug.log
